nohup: ignoring input
[0mGET / [36m304 [0m6.193 ms - -[0m
[0mGET /stylesheets/style.css [36m304 [0m2.649 ms - -[0m
[0mGET /javascripts/app.js [36m304 [0m3.092 ms - -[0m
in get
in get again
[0mGET /sticky [36m304 [0m23.152 ms - -[0m
[0mGET / [36m304 [0m1.652 ms - -[0m
[0mGET /stylesheets/style.css [36m304 [0m1.041 ms - -[0m
[0mGET /javascripts/app.js [36m304 [0m0.374 ms - -[0m
in get
in get again
[0mGET /sticky [36m304 [0m6.050 ms - -[0m
(node:25633) DeprecationWarning: Mongoose: mpromise (mongoose's default promise library) is deprecated, plug in your own promise library instead: http://mongoosejs.com/docs/promises.html
[0mPOST /sticky [32m200 [0m35.467 ms - 125[0m
[0mPUT /sticky/5a0e5141f0da816421cfc214/size [32m200 [0m11.175 ms - 125[0m
[0mPUT /sticky/5a0e5141f0da816421cfc214/loc [32m200 [0m13.448 ms - 125[0m
[0mGET / [36m304 [0m0.482 ms - -[0m
[0mGET /stylesheets/style.css [32m200 [0m3.794 ms - 1115[0m
[0mGET /javascripts/app.js [36m304 [0m1.419 ms - -[0m
in get
in get again
[0mGET /sticky [32m200 [0m5.026 ms - 668[0m
[0mGET / [36m304 [0m0.467 ms - -[0m
[0mGET /stylesheets/style.css [36m304 [0m0.464 ms - -[0m
[0mGET /javascripts/app.js [36m304 [0m2.179 ms - -[0m
in get
in get again
[0mGET /sticky [36m304 [0m4.459 ms - -[0m
[0mPUT /sticky/5a0e49b7eee4e063228b0b9e/size [32m200 [0m8.011 ms - 147[0m
[0mPUT /sticky/5a0e49b7eee4e063228b0b9e/loc [32m200 [0m7.198 ms - 147[0m
[0mPUT /sticky/5a0e49b7eee4e063228b0b9e/size [32m200 [0m6.591 ms - 147[0m
[0mPUT /sticky/5a0e49b7eee4e063228b0b9e/loc [32m200 [0m4.188 ms - 146[0m
[0mPUT /sticky/5a0e5141f0da816421cfc214/size [32m200 [0m5.993 ms - 125[0m
[0mPUT /sticky/5a0e5141f0da816421cfc214/size [32m200 [0m3.063 ms - 125[0m
[0mPUT /sticky/5a0e5141f0da816421cfc214/loc [32m200 [0m5.632 ms - 126[0m
[0mPUT /sticky/5a0e5141f0da816421cfc214/text [32m200 [0m6.127 ms - 126[0m
[0mPUT /sticky/5a0e5141f0da816421cfc214/size [32m200 [0m4.887 ms - 126[0m
[0mPUT /sticky/5a0e5141f0da816421cfc214/size [32m200 [0m2.746 ms - 126[0m
[0mPUT /sticky/5a0e5141f0da816421cfc214/size [32m200 [0m3.098 ms - 126[0m
[0mPUT /sticky/5a0e5141f0da816421cfc214/size [32m200 [0m9.644 ms - 126[0m
[0mPUT /sticky/5a0e5141f0da816421cfc214/size [32m200 [0m2.421 ms - 126[0m
[0mDELETE /sticky/5a0e5141f0da816421cfc214 [32m200 [0m6.811 ms - 2[0m
[0mPUT /sticky/5a0e5141f0da816421cfc214/size [32m200 [0m7.337 ms - 126[0m
[0mPOST /sticky [32m200 [0m3.102 ms - 125[0m
[0mPUT /sticky/5a0e5c8af0da816421cfc215/size [32m200 [0m5.956 ms - 125[0m
[0mPUT /sticky/5a0e5c8af0da816421cfc215/loc [32m200 [0m8.880 ms - 126[0m
[0mPUT /sticky/5a0e5c8af0da816421cfc215/size [32m200 [0m3.843 ms - 126[0m
[0mPUT /sticky/5a0e5c8af0da816421cfc215/size [32m200 [0m2.717 ms - 126[0m
[0mPUT /sticky/5a0e5c8af0da816421cfc215/size [32m200 [0m2.967 ms - 126[0m
[0mPUT /sticky/5a0e5c8af0da816421cfc215/size [32m200 [0m8.470 ms - 126[0m
[0mPUT /sticky/5a0e5c8af0da816421cfc215/text [32m200 [0m7.947 ms - 133[0m
[0mPUT /sticky/5a0e5c8af0da816421cfc215/size [32m200 [0m5.757 ms - 133[0m
[0mPUT /sticky/5a0e5c8af0da816421cfc215/loc [32m200 [0m4.287 ms - 133[0m
[0mPUT /sticky/5a0e49b4eee4e063228b0b9d/size [32m200 [0m3.386 ms - 132[0m
[0mPUT /sticky/5a0e49b4eee4e063228b0b9d/loc [32m200 [0m6.354 ms - 132[0m
[0mPUT /sticky/5a0e49b4eee4e063228b0b9d/size [32m200 [0m5.257 ms - 132[0m
[0mPUT /sticky/5a0e49b4eee4e063228b0b9d/loc [32m200 [0m7.173 ms - 132[0m
[0mPOST /sticky [32m200 [0m2.072 ms - 122[0m
[0mPUT /sticky/5a0e5cb0f0da816421cfc216/size [32m200 [0m8.786 ms - 122[0m
[0mPUT /sticky/5a0e5cb0f0da816421cfc216/loc [32m200 [0m7.709 ms - 123[0m
[0mPUT /sticky/5a0e5cb0f0da816421cfc216/size [32m200 [0m2.308 ms - 123[0m
[0mPUT /sticky/5a0e5cb0f0da816421cfc216/size [32m200 [0m3.591 ms - 123[0m
[0mPUT /sticky/5a0e5cb0f0da816421cfc216/size [32m200 [0m3.491 ms - 123[0m
[0mPUT /sticky/5a0e5cb0f0da816421cfc216/size [32m200 [0m2.325 ms - 123[0m
[0mPUT /sticky/5a0e5cb0f0da816421cfc216/size [32m200 [0m3.680 ms - 123[0m
[0mPUT /sticky/5a0e5cb0f0da816421cfc216/text [32m200 [0m5.549 ms - 132[0m
[0mGET / [36m304 [0m0.471 ms - -[0m
[0mGET /javascripts/app.js [36m304 [0m0.691 ms - -[0m
[0mGET /stylesheets/style.css [36m304 [0m0.675 ms - -[0m
in get
in get again
[0mGET /sticky [32m200 [0m2.316 ms - 808[0m
[0mPUT /sticky/5a0e5c8af0da816421cfc215/size [32m200 [0m5.129 ms - 133[0m
[0mPUT /sticky/5a0e5c8af0da816421cfc215/loc [32m200 [0m3.690 ms - 133[0m
[0mPOST /sticky [32m200 [0m2.002 ms - 125[0m
[0mPOST /sticky [32m200 [0m2.659 ms - 122[0m
[0mPOST /sticky [32m200 [0m2.538 ms - 125[0m
[0mPUT /sticky/5a0e5ccff0da816421cfc219/size [32m200 [0m2.917 ms - 125[0m
[0mPUT /sticky/5a0e5ccff0da816421cfc219/size [32m200 [0m3.913 ms - 125[0m
[0mDELETE /sticky/5a0e5ccff0da816421cfc219 [32m200 [0m3.330 ms - 2[0m
[0mPUT /sticky/5a0e5ccef0da816421cfc218/size [32m200 [0m4.895 ms - 122[0m
[0mDELETE /sticky/5a0e5ccef0da816421cfc218 [32m200 [0m2.923 ms - 2[0m
[0mPUT /sticky/5a0e5ccef0da816421cfc218/size [32m200 [0m7.935 ms - 122[0m
[0mPUT /sticky/5a0e5ccdf0da816421cfc217/size [32m200 [0m12.818 ms - 125[0m
[0mDELETE /sticky/5a0e5ccdf0da816421cfc217 [32m200 [0m3.033 ms - 2[0m
[0mPUT /sticky/5a0e5ccdf0da816421cfc217/size [32m200 [0m2.854 ms - 125[0m
[0mGET / [32m200 [0m1.251 ms - 1064[0m
[0mGET /stylesheets/style.css [32m200 [0m0.855 ms - 1115[0m
[0mGET /javascripts/app.js [32m200 [0m1.107 ms - 4884[0m
in get
in get again
[0mGET /sticky [32m200 [0m3.990 ms - 808[0m
[0mGET /favicon.ico [33m404 [0m324.955 ms - 1690[0m
[0mPOST /sticky [32m200 [0m6.803 ms - 125[0m
[0mPOST /sticky [32m200 [0m4.746 ms - 122[0m
[0mPOST /sticky [32m200 [0m2.352 ms - 125[0m
[0mPOST /sticky [32m200 [0m2.514 ms - 125[0m
[0mPOST /sticky [32m200 [0m2.723 ms - 125[0m
[0mPOST /sticky [32m200 [0m3.490 ms - 122[0m
[0mPOST /sticky [32m200 [0m2.658 ms - 125[0m
[0mPOST /sticky [32m200 [0m3.166 ms - 125[0m
[0mPOST /sticky [32m200 [0m4.002 ms - 125[0m
[0mPOST /sticky [32m200 [0m3.121 ms - 122[0m
[0mPUT /sticky/5a0e602ef0da816421cfc223/size [32m200 [0m5.952 ms - 122[0m
[0mPUT /sticky/5a0e602ef0da816421cfc223/loc [32m200 [0m5.015 ms - 123[0m
[0mPUT /sticky/5a0e5c8af0da816421cfc215/size [32m200 [0m3.416 ms - 133[0m
[0mPUT /sticky/5a0e5c8af0da816421cfc215/size [32m200 [0m11.403 ms - 133[0m
[0mPUT /sticky/5a0e602ef0da816421cfc222/size [32m200 [0m5.367 ms - 125[0m
[0mPUT /sticky/5a0e602ef0da816421cfc222/loc [32m200 [0m5.737 ms - 126[0m
[0mGET / [32m200 [0m1.332 ms - 1064[0m
[0mGET /stylesheets/style.css [32m200 [0m2.805 ms - 1115[0m
[0mGET /javascripts/app.js [32m200 [0m0.769 ms - 4884[0m
in get
in get again
[0mGET /sticky [32m200 [0m4.987 ms - 2061[0m
[0mGET /favicon.ico [33m404 [0m38.155 ms - 1690[0m
[0mPUT /sticky/5a0e499ceee4e063228b0b9b/size [32m200 [0m2.945 ms - 125[0m
[0mPUT /sticky/5a0e499ceee4e063228b0b9b/size [32m200 [0m3.868 ms - 125[0m
[0mPUT /sticky/5a0e499ceee4e063228b0b9b/size [32m200 [0m5.146 ms - 125[0m
[0mPUT /sticky/5a0e499ceee4e063228b0b9b/loc [32m200 [0m3.211 ms - 125[0m
[0mPUT /sticky/5a0e602ef0da816421cfc222/size [32m200 [0m7.396 ms - 126[0m
[0mPUT /sticky/5a0e602ef0da816421cfc222/loc [32m200 [0m6.620 ms - 126[0m
[0mPUT /sticky/5a0e602ef0da816421cfc222/size [32m200 [0m3.892 ms - 126[0m
[0mPUT /sticky/5a0e602ef0da816421cfc222/size [32m200 [0m5.031 ms - 126[0m
[0mPUT /sticky/5a0e602ef0da816421cfc222/loc [32m200 [0m3.715 ms - 127[0m
[0mPUT /sticky/5a0e49b4eee4e063228b0b9d/size [32m200 [0m4.758 ms - 132[0m
[0mPUT /sticky/5a0e5cb0f0da816421cfc216/size [32m200 [0m2.264 ms - 132[0m
[0mPUT /sticky/5a0e5cb0f0da816421cfc216/size [32m200 [0m2.405 ms - 132[0m
[0mPUT /sticky/5a0e5cb0f0da816421cfc216/size [32m200 [0m3.154 ms - 132[0m
[0mPUT /sticky/5a0e49a8eee4e063228b0b9c/size [32m200 [0m6.095 ms - 133[0m
[0mPUT /sticky/5a0e5c8af0da816421cfc215/size [32m200 [0m5.604 ms - 133[0m
[0mPUT /sticky/5a0e499ceee4e063228b0b9b/size [32m200 [0m2.764 ms - 125[0m
[0mPUT /sticky/5a0e5cb0f0da816421cfc216/size [32m200 [0m4.450 ms - 132[0m
[0mPUT /sticky/5a0e602ef0da816421cfc223/size [32m200 [0m2.246 ms - 123[0m
[0mPUT /sticky/5a0e602ef0da816421cfc223/size [32m200 [0m4.303 ms - 123[0m
[0mPUT /sticky/5a0e602ef0da816421cfc223/loc [32m200 [0m5.785 ms - 123[0m
[0mPUT /sticky/5a0e602ef0da816421cfc223/size [32m200 [0m2.681 ms - 123[0m
[0mPUT /sticky/5a0e602ef0da816421cfc223/loc [32m200 [0m2.759 ms - 123[0m
[0mPUT /sticky/5a0e602ef0da816421cfc223/size [32m200 [0m3.616 ms - 123[0m
[0mPUT /sticky/5a0e602ef0da816421cfc223/loc [32m200 [0m3.216 ms - 123[0m
[0mPOST /sticky [32m200 [0m3.077 ms - 125[0m
[0mPOST /sticky [32m200 [0m2.065 ms - 122[0m
[0mPOST /sticky [32m200 [0m1.920 ms - 125[0m
[0mPOST /sticky [32m200 [0m1.927 ms - 125[0m
[0mPOST /sticky [32m200 [0m4.065 ms - 125[0m
[0mPOST /sticky [32m200 [0m3.280 ms - 122[0m
[0mPOST /sticky [32m200 [0m6.002 ms - 125[0m
[0mPOST /sticky [32m200 [0m2.001 ms - 125[0m
[0mPOST /sticky [32m200 [0m2.009 ms - 125[0m
[0mPUT /sticky/5a0e5c8af0da816421cfc215/size [32m200 [0m3.428 ms - 133[0m
[0mPUT /sticky/5a0e639ef0da816421cfc22c/size [32m200 [0m2.486 ms - 125[0m
[0mPUT /sticky/5a0e639ef0da816421cfc22c/loc [32m200 [0m1.986 ms - 126[0m
[0mPUT /sticky/5a0e639ef0da816421cfc22c/size [32m200 [0m3.282 ms - 126[0m
[0mPUT /sticky/5a0e639ef0da816421cfc22c/size [32m200 [0m2.126 ms - 126[0m
[0mPUT /sticky/5a0e639ef0da816421cfc22c/loc [32m200 [0m1.893 ms - 126[0m
[0mGET /stylesheets/style.css [36m304 [0m0.585 ms - -[0m
[0mGET / [32m200 [0m0.638 ms - 1064[0m
[0mGET /stylesheets/style.css [32m200 [0m1.462 ms - 1115[0m
[0mGET /javascripts/app.js [32m200 [0m0.427 ms - 4884[0m
in get
in get again
[0mGET /sticky [32m200 [0m10.264 ms - 3191[0m
[0mGET /favicon.ico [33m404 [0m51.060 ms - 1690[0m
[0mPUT /sticky/5a0e499ceee4e063228b0b9b/size [32m200 [0m2.799 ms - 125[0m
[0mPUT /sticky/5a0e499ceee4e063228b0b9b/loc [32m200 [0m1.891 ms - 125[0m
[0mPUT /sticky/5a0e499ceee4e063228b0b9b/size [32m200 [0m2.200 ms - 125[0m
[0mPUT /sticky/5a0e499ceee4e063228b0b9b/loc [32m200 [0m1.908 ms - 125[0m
[0mPUT /sticky/5a0e499ceee4e063228b0b9b/size [32m200 [0m3.612 ms - 125[0m
[0mPUT /sticky/5a0e499ceee4e063228b0b9b/size [32m200 [0m2.230 ms - 125[0m
[0mPUT /sticky/5a0e499ceee4e063228b0b9b/size [32m200 [0m3.078 ms - 125[0m
[0mPUT /sticky/5a0e499ceee4e063228b0b9b/loc [32m200 [0m2.118 ms - 125[0m
[0mPUT /sticky/5a0e499ceee4e063228b0b9b/size [32m200 [0m3.215 ms - 125[0m
[0mPUT /sticky/5a0e499ceee4e063228b0b9b/loc [32m200 [0m2.644 ms - 126[0m
[0mPUT /sticky/5a0e499ceee4e063228b0b9b/size [32m200 [0m7.664 ms - 126[0m
[0mPUT /sticky/5a0e499ceee4e063228b0b9b/loc [32m200 [0m2.013 ms - 125[0m
[0mPUT /sticky/5a0e499ceee4e063228b0b9b/size [32m200 [0m2.342 ms - 125[0m
[0mPUT /sticky/5a0e499ceee4e063228b0b9b/loc [32m200 [0m1.871 ms - 125[0m
[0mPUT /sticky/5a0e5cb0f0da816421cfc216/size [32m200 [0m3.013 ms - 132[0m
[0mGET / [36m304 [0m0.382 ms - -[0m
[0mGET /stylesheets/style.css [36m304 [0m0.655 ms - -[0m
[0mGET /javascripts/app.js [36m304 [0m0.590 ms - -[0m
in get
in get again
[0mGET /sticky [32m200 [0m3.877 ms - 3191[0m
[0mPUT /sticky/5a0e639ef0da816421cfc22c/size [32m200 [0m2.301 ms - 126[0m
[0mPUT /sticky/5a0e639ef0da816421cfc22c/loc [32m200 [0m2.174 ms - 126[0m
[0mPUT /sticky/5a0e639ef0da816421cfc22b/size [32m200 [0m3.092 ms - 125[0m
[0mPUT /sticky/5a0e639ef0da816421cfc22b/loc [32m200 [0m3.434 ms - 125[0m
[0mPUT /sticky/5a0e639ef0da816421cfc22a/size [32m200 [0m5.483 ms - 125[0m
[0mPUT /sticky/5a0e639ef0da816421cfc22a/loc [32m200 [0m3.734 ms - 125[0m
[0mPUT /sticky/5a0e639ef0da816421cfc22a/size [32m200 [0m2.597 ms - 125[0m
[0mPUT /sticky/5a0e639ef0da816421cfc22b/size [32m200 [0m2.250 ms - 125[0m
[0mDELETE /sticky/5a0e639ef0da816421cfc22b [32m200 [0m2.019 ms - 2[0m
[0mPUT /sticky/5a0e639ef0da816421cfc22b/size [32m200 [0m4.113 ms - 125[0m
[0mPUT /sticky/5a0e639ef0da816421cfc22a/size [32m200 [0m7.142 ms - 125[0m
[0mDELETE /sticky/5a0e639ef0da816421cfc22a [32m200 [0m6.377 ms - 2[0m
[0mPUT /sticky/5a0e639df0da816421cfc229/size [32m200 [0m13.404 ms - 122[0m
[0mPUT /sticky/5a0e639df0da816421cfc229/size [32m200 [0m4.009 ms - 122[0m
[0mDELETE /sticky/5a0e639df0da816421cfc229 [32m200 [0m1.506 ms - 2[0m
[0mPUT /sticky/5a0e639df0da816421cfc229/size [32m200 [0m4.504 ms - 122[0m
[0mPUT /sticky/5a0e639df0da816421cfc228/size [32m200 [0m2.045 ms - 125[0m
[0mPUT /sticky/5a0e639df0da816421cfc228/size [32m200 [0m4.430 ms - 125[0m
[0mDELETE /sticky/5a0e639df0da816421cfc228 [32m200 [0m1.497 ms - 2[0m
[0mPUT /sticky/5a0e639df0da816421cfc228/size [32m200 [0m4.394 ms - 125[0m
[0mPUT /sticky/5a0e639df0da816421cfc227/size [32m200 [0m3.112 ms - 125[0m
[0mDELETE /sticky/5a0e639df0da816421cfc227 [32m200 [0m8.122 ms - 2[0m
[0mPUT /sticky/5a0e639df0da816421cfc227/size [32m200 [0m10.734 ms - 125[0m
[0mPUT /sticky/5a0e639df0da816421cfc226/size [32m200 [0m2.927 ms - 125[0m
[0mDELETE /sticky/5a0e639df0da816421cfc226 [32m200 [0m1.551 ms - 2[0m
[0mPUT /sticky/5a0e639df0da816421cfc226/size [32m200 [0m3.894 ms - 125[0m
[0mPUT /sticky/5a0e639df0da816421cfc225/size [32m200 [0m2.369 ms - 122[0m
[0mPUT /sticky/5a0e639df0da816421cfc225/size [32m200 [0m3.860 ms - 122[0m
[0mPUT /sticky/5a0e639df0da816421cfc225/loc [32m200 [0m4.164 ms - 123[0m
[0mPUT /sticky/5a0e639cf0da816421cfc224/size [32m200 [0m2.266 ms - 125[0m
[0mPUT /sticky/5a0e639cf0da816421cfc224/size [32m200 [0m6.951 ms - 125[0m
[0mPUT /sticky/5a0e639cf0da816421cfc224/loc [32m200 [0m8.740 ms - 125[0m
[0mPUT /sticky/5a0e639cf0da816421cfc224/size [32m200 [0m2.301 ms - 125[0m
[0mDELETE /sticky/5a0e639cf0da816421cfc224 [32m200 [0m1.516 ms - 2[0m
[0mPUT /sticky/5a0e639cf0da816421cfc224/size [32m200 [0m6.975 ms - 125[0m
[0mDELETE /sticky [32m200 [0m2.185 ms - 2[0m
[0mGET / [36m304 [0m0.394 ms - -[0m
[0mGET /stylesheets/style.css [36m304 [0m0.344 ms - -[0m
[0mGET /javascripts/app.js [36m304 [0m0.193 ms - -[0m
in get
in get again
[0mGET /sticky [32m200 [0m2.001 ms - 2[0m
[0mPOST /sticky [32m200 [0m2.546 ms - 125[0m
[0mPOST /sticky [32m200 [0m1.945 ms - 122[0m
[0mPOST /sticky [32m200 [0m2.062 ms - 125[0m
[0mDELETE /sticky [32m200 [0m1.287 ms - 2[0m
[0mPOST /sticky [32m200 [0m2.750 ms - 125[0m
[0mPOST /sticky [32m200 [0m2.043 ms - 125[0m
[0mPUT /sticky/5a0e6962f0da816421cfc231/size [32m200 [0m2.364 ms - 125[0m
[0mPUT /sticky/5a0e6962f0da816421cfc231/loc [32m200 [0m1.848 ms - 125[0m
[0mPUT /sticky/5a0e6962f0da816421cfc231/size [32m200 [0m3.642 ms - 125[0m
[0mPUT /sticky/5a0e6962f0da816421cfc231/loc [32m200 [0m3.178 ms - 126[0m
[0mPUT /sticky/5a0e6962f0da816421cfc231/size [32m200 [0m2.884 ms - 126[0m
[0mPUT /sticky/5a0e6962f0da816421cfc231/loc [32m200 [0m3.413 ms - 125[0m
[0mPUT /sticky/5a0e6962f0da816421cfc231/size [32m200 [0m2.746 ms - 125[0m
[0mPUT /sticky/5a0e6962f0da816421cfc231/size [32m200 [0m2.288 ms - 125[0m
[0mPUT /sticky/5a0e6962f0da816421cfc231/size [32m200 [0m2.280 ms - 125[0m
[0mPUT /sticky/5a0e6962f0da816421cfc231/text [32m200 [0m2.522 ms - 120[0m
[0mPUT /sticky/5a0e6962f0da816421cfc231/size [32m200 [0m4.528 ms - 125[0m
[0mPUT /sticky/5a0e6962f0da816421cfc230/size [32m200 [0m2.912 ms - 125[0m
[0mPUT /sticky/5a0e6962f0da816421cfc230/loc [32m200 [0m3.430 ms - 125[0m
[0mGET / [32m200 [0m0.598 ms - 1064[0m
[0mGET /stylesheets/style.css [32m200 [0m0.669 ms - 1115[0m
[0mGET /javascripts/app.js [32m200 [0m0.505 ms - 4884[0m
in get
in get again
[0mGET /sticky [32m200 [0m2.259 ms - 248[0m
[0mGET /favicon.ico [33m404 [0m25.769 ms - 1690[0m
[0mPUT /sticky/5a0e6962f0da816421cfc231/size [32m200 [0m2.937 ms - 120[0m
[0mPUT /sticky/5a0e6962f0da816421cfc231/loc [32m200 [0m3.384 ms - 121[0m
[0mPOST /sticky [32m200 [0m2.070 ms - 125[0m
[0mPUT /sticky/5a0e6b85f0da816421cfc232/size [32m200 [0m2.804 ms - 125[0m
[0mPUT /sticky/5a0e6b85f0da816421cfc232/loc [32m200 [0m1.891 ms - 126[0m
[0mPUT /sticky/5a0e6b85f0da816421cfc232/size [32m200 [0m1.964 ms - 126[0m
[0mPUT /sticky/5a0e6b85f0da816421cfc232/size [32m200 [0m1.738 ms - 126[0m
[0mPUT /sticky/5a0e6b85f0da816421cfc232/size [32m200 [0m2.275 ms - 126[0m
[0mPUT /sticky/5a0e6b85f0da816421cfc232/size [32m200 [0m2.881 ms - 126[0m
[0mPUT /sticky/5a0e6b85f0da816421cfc232/text [32m200 [0m3.268 ms - 118[0m
[0mPUT /sticky/5a0e6b85f0da816421cfc232/size [32m200 [0m2.323 ms - 118[0m
[0mPUT /sticky/5a0e6b85f0da816421cfc232/size [32m200 [0m3.981 ms - 118[0m
[0mPUT /sticky/5a0e6b85f0da816421cfc232/text [32m200 [0m3.149 ms - 118[0m
[0mGET / [32m200 [0m0.710 ms - 1064[0m
[0mGET /stylesheets/style.css [32m200 [0m0.705 ms - 1115[0m
[0mGET /javascripts/app.js [32m200 [0m0.565 ms - 4884[0m
in get
in get again
[0mGET /sticky [32m200 [0m2.071 ms - 368[0m
[0mGET /favicon.ico [33m404 [0m21.988 ms - 1690[0m
[0mGET / [36m304 [0m0.461 ms - -[0m
[0mGET /stylesheets/style.css [36m304 [0m0.430 ms - -[0m
[0mGET /javascripts/app.js [36m304 [0m0.295 ms - -[0m
in get
in get again
[0mGET /sticky [36m304 [0m2.157 ms - -[0m
[0mPOST /sticky [32m200 [0m2.666 ms - 125[0m
[0mPUT /sticky/5a0e6bfff0da816421cfc233/size [32m200 [0m2.434 ms - 125[0m
[0mPUT /sticky/5a0e6bfff0da816421cfc233/size [32m200 [0m4.522 ms - 125[0m
[0mDELETE /sticky/5a0e6bfff0da816421cfc233 [32m200 [0m1.617 ms - 2[0m
[0mPUT /sticky/5a0e6962f0da816421cfc230/size [32m200 [0m2.311 ms - 125[0m
[0mPUT /sticky/5a0e6962f0da816421cfc230/size [32m200 [0m2.230 ms - 125[0m
[0mDELETE /sticky/5a0e6962f0da816421cfc230 [32m200 [0m1.638 ms - 2[0m
[0mPUT /sticky/5a0e6962f0da816421cfc230/size [32m200 [0m3.919 ms - 125[0m
[0mPOST /sticky [32m200 [0m1.992 ms - 122[0m
[0mPOST /sticky [32m200 [0m1.832 ms - 125[0m
[0mPOST /sticky [32m200 [0m1.895 ms - 125[0m
[0mPOST /sticky [32m200 [0m1.940 ms - 125[0m
[0mPOST /sticky [32m200 [0m1.902 ms - 122[0m
[0mPOST /sticky [32m200 [0m4.219 ms - 125[0m
[0mPOST /sticky [32m200 [0m1.918 ms - 125[0m
[0mPOST /sticky [32m200 [0m1.933 ms - 125[0m
[0mPUT /sticky/5a0e6c0bf0da816421cfc23b/size [32m200 [0m2.240 ms - 125[0m
[0mPUT /sticky/5a0e6c0bf0da816421cfc23b/size [32m200 [0m2.145 ms - 125[0m
[0mPUT /sticky/5a0e6c0bf0da816421cfc23b/size [32m200 [0m2.214 ms - 125[0m
[0mPUT /sticky/5a0e6c0bf0da816421cfc23b/text [32m200 [0m1.297 ms - 125[0m
[0mPOST /sticky [32m200 [0m1.938 ms - 122[0m
[0mPUT /sticky/5a0e6c0ff0da816421cfc23c/size [32m200 [0m2.321 ms - 122[0m
[0mPUT /sticky/5a0e6c0ff0da816421cfc23c/size [32m200 [0m4.490 ms - 122[0m
[0mPUT /sticky/5a0e6c0ff0da816421cfc23c/text [32m200 [0m3.712 ms - 122[0m
[0mPUT /sticky/5a0e6962f0da816421cfc231/size [32m200 [0m3.236 ms - 121[0m
[0mPUT /sticky/5a0e6c0ff0da816421cfc23c/size [32m200 [0m2.278 ms - 122[0m
[0mPUT /sticky/5a0e6c0ff0da816421cfc23c/size [32m200 [0m2.558 ms - 122[0m
[0mPUT /sticky/5a0e6962f0da816421cfc231/size [32m200 [0m4.465 ms - 121[0m
[0mPUT /sticky/5a0e6962f0da816421cfc231/loc [32m200 [0m4.126 ms - 120[0m
[0mPUT /sticky/5a0e6c0ff0da816421cfc23c/size [32m200 [0m2.287 ms - 122[0m
[0mPUT /sticky/5a0e6c0ff0da816421cfc23c/loc [32m200 [0m2.343 ms - 123[0m
[0mPUT /sticky/5a0e6c0bf0da816421cfc23b/size [32m200 [0m2.914 ms - 125[0m
[0mPUT /sticky/5a0e6c0bf0da816421cfc23b/loc [32m200 [0m3.973 ms - 126[0m
[0mPUT /sticky/5a0e6c0af0da816421cfc23a/size [32m200 [0m5.656 ms - 125[0m
[0mPUT /sticky/5a0e6c0af0da816421cfc23a/loc [32m200 [0m5.984 ms - 126[0m
[0mPUT /sticky/5a0e6c09f0da816421cfc239/size [32m200 [0m4.419 ms - 125[0m
[0mPUT /sticky/5a0e6c09f0da816421cfc239/loc [32m200 [0m4.063 ms - 125[0m
[0mGET / [32m200 [0m0.639 ms - 1064[0m
[0mGET /stylesheets/style.css [32m200 [0m0.644 ms - 1115[0m
[0mGET /javascripts/app.js [32m200 [0m0.321 ms - 4884[0m
in get
in get again
[0mGET /sticky [32m200 [0m2.549 ms - 1369[0m
[0mGET /favicon.ico [33m404 [0m11.841 ms - 1690[0m
[0mGET / [36m304 [0m0.746 ms - -[0m
[0mGET /stylesheets/style.css [36m304 [0m1.038 ms - -[0m
[0mGET /javascripts/app.js [36m304 [0m0.373 ms - -[0m
in get
in get again
[0mGET /sticky [32m200 [0m2.389 ms - 1369[0m
[0mGET /favicon.ico [33m404 [0m12.408 ms - 1690[0m
[0mGET / [32m200 [0m0.632 ms - 1064[0m
[0mGET /stylesheets/style.css [32m200 [0m0.653 ms - 1115[0m
[0mGET /javascripts/app.js [32m200 [0m0.539 ms - 4884[0m
in get
in get again
[0mGET /sticky [32m200 [0m3.093 ms - 1369[0m
[0mGET /favicon.ico [33m404 [0m14.807 ms - 1690[0m
[0mPUT /sticky/5a0e6c0ff0da816421cfc23c/size [32m200 [0m3.383 ms - 123[0m
[0mPUT /sticky/5a0e6962f0da816421cfc231/size [32m200 [0m4.323 ms - 120[0m
[0mPUT /sticky/5a0e6c0bf0da816421cfc23b/size [32m200 [0m2.146 ms - 126[0m
[0mPUT /sticky/5a0e6c09f0da816421cfc238/size [32m200 [0m2.841 ms - 122[0m
[0mDELETE /sticky/5a0e6c09f0da816421cfc238 [32m200 [0m1.544 ms - 2[0m
[0mPUT /sticky/5a0e6c09f0da816421cfc238/size [31m500 [0m20.516 ms - 559[0m
[0mPUT /sticky/5a0e6c0bf0da816421cfc23b/size [32m200 [0m5.760 ms - 126[0m
[0mDELETE /sticky/5a0e6c0bf0da816421cfc23b [32m200 [0m1.225 ms - 2[0m
[0mPUT /sticky/5a0e6c09f0da816421cfc239/size [32m200 [0m2.291 ms - 125[0m
[0mPUT /sticky/5a0e6c09f0da816421cfc239/size [32m200 [0m4.924 ms - 125[0m
[0mPUT /sticky/5a0e6c09f0da816421cfc239/loc [32m200 [0m3.278 ms - 126[0m
[0mGET / [32m200 [0m0.637 ms - 1064[0m
[0mGET /stylesheets/style.css [32m200 [0m0.603 ms - 1115[0m
[0mGET /javascripts/app.js [32m200 [0m0.516 ms - 4884[0m
in get
in get again
[0mGET /sticky [32m200 [0m2.318 ms - 1120[0m
[0mGET /favicon.ico [33m404 [0m11.140 ms - 1690[0m
[0mGET / [36m304 [0m0.394 ms - -[0m
[0mGET /stylesheets/style.css [36m304 [0m0.424 ms - -[0m
[0mGET /javascripts/app.js [36m304 [0m0.437 ms - -[0m
in get
in get again
[0mGET /sticky [36m304 [0m2.353 ms - -[0m
[0mGET /favicon.ico [33m404 [0m7.687 ms - 1690[0m
[0mGET / [36m304 [0m0.453 ms - -[0m
[0mGET /stylesheets/style.css [36m304 [0m0.467 ms - -[0m
[0mGET /javascripts/app.js [36m304 [0m0.255 ms - -[0m
in get
in get again
[0mGET /sticky [32m200 [0m4.396 ms - 1120[0m
[0mGET /stylesheets/style.css [36m304 [0m0.498 ms - -[0m
[0mPUT /sticky/5a0e6c0ff0da816421cfc23c/size [32m200 [0m3.887 ms - 123[0m
[0mPUT /sticky/5a0e6c0ff0da816421cfc23c/loc [32m200 [0m4.245 ms - 122[0m
[0mPUT /sticky/5a0e6c0ff0da816421cfc23c/size [32m200 [0m4.333 ms - 122[0m
[0mPUT /sticky/5a0e6c0ff0da816421cfc23c/loc [32m200 [0m5.987 ms - 122[0m
[0mPUT /sticky/5a0e6c0ff0da816421cfc23c/size [32m200 [0m2.227 ms - 122[0m
[0mPUT /sticky/5a0e6c0ff0da816421cfc23c/size [32m200 [0m2.244 ms - 122[0m
[0mPUT /sticky/5a0e6c0ff0da816421cfc23c/loc [32m200 [0m1.743 ms - 122[0m
[0mPUT /sticky/5a0e6c0ff0da816421cfc23c/size [32m200 [0m2.748 ms - 122[0m
[0mPUT /sticky/5a0e6c0ff0da816421cfc23c/loc [32m200 [0m3.116 ms - 122[0m
[0mPUT /sticky/5a0e6c0ff0da816421cfc23c/size [32m200 [0m3.606 ms - 122[0m
[0mPUT /sticky/5a0e6c0ff0da816421cfc23c/loc [32m200 [0m3.928 ms - 122[0m
[0mGET / [36m304 [0m0.465 ms - -[0m
[0mGET /javascripts/app.js [36m304 [0m0.518 ms - -[0m
[0mGET /stylesheets/style.css [32m200 [0m1.205 ms - 1119[0m
in get
in get again
[0mGET /sticky [32m200 [0m3.432 ms - 1119[0m
[0mPUT /sticky/5a0e6c0ff0da816421cfc23c/size [32m200 [0m2.191 ms - 122[0m
[0mPUT /sticky/5a0e6c0ff0da816421cfc23c/size [32m200 [0m2.091 ms - 122[0m
[0mPUT /sticky/5a0e6c0ff0da816421cfc23c/loc [32m200 [0m1.766 ms - 123[0m
[0mPUT /sticky/5a0e6c0ff0da816421cfc23c/size [32m200 [0m2.233 ms - 123[0m
[0mPUT /sticky/5a0e6c0ff0da816421cfc23c/size [32m200 [0m3.402 ms - 123[0m
[0mPUT /sticky/5a0e6c0ff0da816421cfc23c/loc [32m200 [0m3.888 ms - 122[0m
[0mPUT /sticky/5a0e6c0ff0da816421cfc23c/size [32m200 [0m6.891 ms - 122[0m
[0mPUT /sticky/5a0e6c0ff0da816421cfc23c/loc [32m200 [0m6.312 ms - 122[0m
[0mPUT /sticky/5a0e6c0ff0da816421cfc23c/size [32m200 [0m2.149 ms - 122[0m
[0mPUT /sticky/5a0e6c0ff0da816421cfc23c/size [32m200 [0m2.075 ms - 122[0m
[0mPUT /sticky/5a0e6c0ff0da816421cfc23c/size [32m200 [0m2.498 ms - 122[0m
[0mPUT /sticky/5a0e6c0ff0da816421cfc23c/size [32m200 [0m2.764 ms - 122[0m
[0mGET / [36m304 [0m0.443 ms - -[0m
[0mGET /stylesheets/style.css [32m200 [0m0.730 ms - 1121[0m
[0mGET /javascripts/app.js [36m304 [0m0.434 ms - -[0m
in get
in get again
[0mGET /sticky [32m200 [0m2.283 ms - 1119[0m
[0mPUT /sticky/5a0e6c0ff0da816421cfc23c/size [32m200 [0m2.818 ms - 122[0m
[0mPUT /sticky/5a0e6c0ff0da816421cfc23c/size [32m200 [0m2.662 ms - 122[0m
[0mPUT /sticky/5a0e6c0ff0da816421cfc23c/size [32m200 [0m2.849 ms - 122[0m
[0mPUT /sticky/5a0e6c0ff0da816421cfc23c/text [32m200 [0m2.704 ms - 122[0m
[0mGET / [36m304 [0m0.447 ms - -[0m
[0mGET /stylesheets/style.css [36m304 [0m0.599 ms - -[0m
[0mGET /javascripts/app.js [36m304 [0m0.536 ms - -[0m
in get
in get again
[0mGET /sticky [32m200 [0m2.219 ms - 1119[0m
[0mPUT /sticky/5a0e6c0ff0da816421cfc23c/size [32m200 [0m2.273 ms - 122[0m
[0mPUT /sticky/5a0e6c0ff0da816421cfc23c/size [32m200 [0m2.210 ms - 122[0m
[0mPUT /sticky/5a0e6c0ff0da816421cfc23c/size [32m200 [0m2.744 ms - 122[0m
[0mPUT /sticky/5a0e6c0ff0da816421cfc23c/size [32m200 [0m2.143 ms - 122[0m
[0mPUT /sticky/5a0e6c0ff0da816421cfc23c/size [32m200 [0m2.641 ms - 122[0m
[0mDELETE /sticky/5a0e6c0ff0da816421cfc23c [32m200 [0m2.230 ms - 2[0m
[0mPUT /sticky/5a0e6c0ff0da816421cfc23c/size [32m200 [0m4.525 ms - 122[0m
[0mPUT /sticky/5a0e6c09f0da816421cfc237/size [32m200 [0m2.764 ms - 125[0m
[0mPUT /sticky/5a0e6c09f0da816421cfc237/loc [32m200 [0m3.135 ms - 126[0m
[0mPUT /sticky/5a0e6c09f0da816421cfc236/size [32m200 [0m2.770 ms - 125[0m
[0mPUT /sticky/5a0e6c09f0da816421cfc236/loc [32m200 [0m3.104 ms - 125[0m
[0mPUT /sticky/5a0e6c09f0da816421cfc235/size [32m200 [0m4.198 ms - 125[0m
[0mPUT /sticky/5a0e6c09f0da816421cfc235/loc [32m200 [0m3.793 ms - 126[0m
[0mPUT /sticky/5a0e6c08f0da816421cfc234/size [32m200 [0m4.314 ms - 122[0m
[0mPUT /sticky/5a0e6c08f0da816421cfc234/loc [32m200 [0m2.590 ms - 123[0m
[0mGET / [36m304 [0m0.353 ms - -[0m
[0mGET /stylesheets/style.css [32m200 [0m0.654 ms - 1121[0m
[0mGET /javascripts/app.js [36m304 [0m0.343 ms - -[0m
in get
in get again
[0mGET /sticky [32m200 [0m2.229 ms - 999[0m
[0mPUT /sticky/5a0e6c09f0da816421cfc237/size [32m200 [0m2.902 ms - 126[0m
[0mPUT /sticky/5a0e6c09f0da816421cfc237/loc [32m200 [0m4.171 ms - 125[0m
[0mPUT /sticky/5a0e6c0af0da816421cfc23a/size [32m200 [0m2.217 ms - 126[0m
[0mGET / [36m304 [0m0.432 ms - -[0m
[0mGET /stylesheets/style.css [36m304 [0m0.440 ms - -[0m
[0mGET /javascripts/app.js [36m304 [0m0.260 ms - -[0m
in get
in get again
[0mGET /sticky [32m200 [0m7.460 ms - 998[0m
[0mPUT /sticky/5a0e6c09f0da816421cfc237/size [32m200 [0m2.621 ms - 125[0m
[0mPUT /sticky/5a0e6c09f0da816421cfc237/size [32m200 [0m2.175 ms - 125[0m
[0mPUT /sticky/5a0e6c09f0da816421cfc237/text [32m200 [0m2.693 ms - 125[0m
[0mPUT /sticky/5a0e6c09f0da816421cfc237/size [32m200 [0m2.636 ms - 125[0m
[0mGET / [36m304 [0m0.456 ms - -[0m
[0mGET /stylesheets/style.css [36m304 [0m0.419 ms - -[0m
[0mGET /javascripts/app.js [36m304 [0m0.192 ms - -[0m
in get
in get again
[0mGET /sticky [32m200 [0m2.150 ms - 998[0m
[0mPUT /sticky/5a0e6c09f0da816421cfc237/size [32m200 [0m2.713 ms - 125[0m
[0mPUT /sticky/5a0e6c09f0da816421cfc235/size [32m200 [0m4.711 ms - 126[0m
[0mPUT /sticky/5a0e6c09f0da816421cfc235/loc [32m200 [0m3.603 ms - 126[0m
[0mPUT /sticky/5a0e6c09f0da816421cfc235/size [32m200 [0m2.846 ms - 126[0m
[0mPUT /sticky/5a0e6c09f0da816421cfc235/loc [32m200 [0m3.194 ms - 125[0m
[0mDELETE /sticky [32m200 [0m1.154 ms - 2[0m
[0mPOST /sticky [32m200 [0m1.991 ms - 125[0m
[0mPUT /sticky/5a0f028af0da816421cfc23d/size [32m200 [0m3.502 ms - 125[0m
[0mPUT /sticky/5a0f028af0da816421cfc23d/loc [32m200 [0m3.100 ms - 125[0m
[0mPUT /sticky/5a0f028af0da816421cfc23d/size [32m200 [0m2.257 ms - 125[0m
[0mPUT /sticky/5a0f028af0da816421cfc23d/size [32m200 [0m2.891 ms - 125[0m
[0mPUT /sticky/5a0f028af0da816421cfc23d/size [32m200 [0m2.134 ms - 125[0m
[0mPUT /sticky/5a0f028af0da816421cfc23d/size [32m200 [0m3.306 ms - 125[0m
[0mPUT /sticky/5a0f028af0da816421cfc23d/size [32m200 [0m3.711 ms - 125[0m
[0mPOST /sticky [32m200 [0m1.842 ms - 122[0m
[0mPUT /sticky/5a0f02aaf0da816421cfc23e/size [32m200 [0m2.281 ms - 122[0m
[0mPUT /sticky/5a0f02aaf0da816421cfc23e/loc [32m200 [0m1.702 ms - 122[0m
[0mPOST /sticky [32m200 [0m1.904 ms - 125[0m
[0mPUT /sticky/5a0f02b4f0da816421cfc23f/size [32m200 [0m8.359 ms - 125[0m
[0mPUT /sticky/5a0f02b4f0da816421cfc23f/loc [32m200 [0m6.635 ms - 126[0m
[0mPOST /sticky [32m200 [0m1.938 ms - 125[0m
[0mPUT /sticky/5a0f02b8f0da816421cfc240/size [32m200 [0m2.877 ms - 125[0m
[0mPUT /sticky/5a0f02b8f0da816421cfc240/loc [32m200 [0m3.142 ms - 126[0m
[0mPUT /sticky/5a0f02b8f0da816421cfc240/size [32m200 [0m2.636 ms - 126[0m
[0mPUT /sticky/5a0f02b8f0da816421cfc240/size [32m200 [0m2.117 ms - 126[0m
[0mPUT /sticky/5a0f02b8f0da816421cfc240/size [32m200 [0m2.104 ms - 126[0m
[0mPUT /sticky/5a0f02b8f0da816421cfc240/size [32m200 [0m2.091 ms - 126[0m
[0mPUT /sticky/5a0f02b8f0da816421cfc240/size [32m200 [0m2.839 ms - 126[0m
[0mPUT /sticky/5a0f02b8f0da816421cfc240/size [32m200 [0m2.754 ms - 126[0m
[0mPUT /sticky/5a0f02b8f0da816421cfc240/text [32m200 [0m3.120 ms - 118[0m
[0mPUT /sticky/5a0f02b8f0da816421cfc240/size [32m200 [0m2.227 ms - 118[0m
[0mPUT /sticky/5a0f02b8f0da816421cfc240/size [32m200 [0m2.510 ms - 118[0m
[0mDELETE /sticky/5a0f02b8f0da816421cfc240 [32m200 [0m2.305 ms - 2[0m
[0mGET / [36m304 [0m0.464 ms - -[0m
[0mGET /stylesheets/style.css [36m304 [0m0.461 ms - -[0m
[0mGET /javascripts/app.js [36m304 [0m0.205 ms - -[0m
in get
in get again
[0mGET /sticky [32m200 [0m2.871 ms - 377[0m
[0mGET / [36m304 [0m0.432 ms - -[0m
[0mGET /javascripts/app.js [36m304 [0m0.654 ms - -[0m
[0mGET /stylesheets/style.css [36m304 [0m0.596 ms - -[0m
in get
in get again
[0mGET /sticky [36m304 [0m1.971 ms - -[0m
[0mGET / [32m200 [0m0.690 ms - 1064[0m
[0mGET /stylesheets/style.css [32m200 [0m0.643 ms - 1121[0m
[0mGET /javascripts/app.js [32m200 [0m0.306 ms - 4884[0m
in get
in get again
[0mGET /sticky [32m200 [0m2.015 ms - 377[0m
[0mGET /favicon.ico [33m404 [0m5.697 ms - 1690[0m
[0mPOST /sticky [32m200 [0m1.955 ms - 125[0m
[0mPOST /sticky [32m200 [0m1.954 ms - 122[0m
[0mPOST /sticky [32m200 [0m1.914 ms - 125[0m
[0mPOST /sticky [32m200 [0m1.907 ms - 125[0m
[0mPOST /sticky [32m200 [0m2.572 ms - 125[0m
[0mPOST /sticky [32m200 [0m1.864 ms - 122[0m
[0mPOST /sticky [32m200 [0m1.906 ms - 125[0m
[0mPOST /sticky [32m200 [0m1.912 ms - 125[0m
[0mPOST /sticky [32m200 [0m3.268 ms - 125[0m
[0mPOST /sticky [32m200 [0m1.847 ms - 122[0m
[0mPUT /sticky/5a0f286df0da816421cfc24a/size [32m200 [0m2.286 ms - 122[0m
[0mPUT /sticky/5a0f286df0da816421cfc24a/size [32m200 [0m2.207 ms - 122[0m
[0mPUT /sticky/5a0f286df0da816421cfc24a/size [32m200 [0m2.230 ms - 122[0m
[0mPUT /sticky/5a0f286df0da816421cfc24a/size [32m200 [0m6.186 ms - 122[0m
[0mPUT /sticky/5a0f286df0da816421cfc24a/loc [32m200 [0m3.691 ms - 123[0m
[0mPUT /sticky/5a0f286df0da816421cfc249/size [32m200 [0m3.409 ms - 125[0m
[0mPUT /sticky/5a0f286df0da816421cfc249/loc [32m200 [0m3.069 ms - 126[0m
[0mPUT /sticky/5a0f286df0da816421cfc248/size [32m200 [0m2.712 ms - 125[0m
[0mPUT /sticky/5a0f286df0da816421cfc248/loc [32m200 [0m3.184 ms - 125[0m
[0mPUT /sticky/5a0f286df0da816421cfc247/size [32m200 [0m3.307 ms - 125[0m
[0mPUT /sticky/5a0f286df0da816421cfc247/loc [32m200 [0m2.989 ms - 126[0m
[0mPUT /sticky/5a0f02b4f0da816421cfc23f/size [32m200 [0m3.980 ms - 126[0m
[0mPUT /sticky/5a0f02b4f0da816421cfc23f/loc [32m200 [0m4.584 ms - 126[0m
[0mPUT /sticky/5a0f028af0da816421cfc23d/size [32m200 [0m2.857 ms - 125[0m
[0mPUT /sticky/5a0f028af0da816421cfc23d/loc [32m200 [0m2.850 ms - 126[0m
[0mDELETE /sticky [32m200 [0m1.223 ms - 2[0m
[0mGET / [32m200 [0m0.610 ms - 1064[0m
[0mGET /stylesheets/style.css [32m200 [0m0.660 ms - 1121[0m
[0mGET /javascripts/app.js [32m200 [0m0.561 ms - 4884[0m
in get
in get again
[0mGET /sticky [32m200 [0m1.724 ms - 2[0m
[0mGET /favicon.ico [33m404 [0m8.890 ms - 1690[0m
[0mPOST /sticky [32m200 [0m1.844 ms - 125[0m
[0mPUT /sticky/5a0f39e3f0da816421cfc24b/size [32m200 [0m2.893 ms - 125[0m
[0mPUT /sticky/5a0f39e3f0da816421cfc24b/loc [32m200 [0m3.259 ms - 126[0m
[0mGET / [36m304 [0m0.464 ms - -[0m
[0mGET /stylesheets/style.css [36m304 [0m3.193 ms - -[0m
[0mGET /javascripts/app.js [36m304 [0m0.544 ms - -[0m
in get
in get again
[0mGET /sticky [32m200 [0m1.918 ms - 128[0m
[0mPOST /sticky [32m200 [0m2.148 ms - 125[0m
[0mPUT /sticky/5a0f3c54f0da816421cfc24c/size [32m200 [0m2.835 ms - 125[0m
[0mPUT /sticky/5a0f3c54f0da816421cfc24c/loc [32m200 [0m3.029 ms - 126[0m
[0mPOST /sticky [32m200 [0m1.908 ms - 122[0m
[0mPUT /sticky/5a0f3c56f0da816421cfc24d/size [32m200 [0m3.576 ms - 122[0m
[0mPUT /sticky/5a0f3c56f0da816421cfc24d/loc [32m200 [0m3.908 ms - 123[0m
[0mPOST /sticky [32m200 [0m1.978 ms - 125[0m
[0mPUT /sticky/5a0f3c58f0da816421cfc24e/size [32m200 [0m2.986 ms - 125[0m
[0mPUT /sticky/5a0f3c58f0da816421cfc24e/loc [32m200 [0m3.753 ms - 125[0m
[0mPUT /sticky/5a0f3c58f0da816421cfc24e/size [32m200 [0m2.755 ms - 125[0m
[0mGET / [36m304 [0m0.470 ms - -[0m
[0mGET /stylesheets/style.css [36m304 [0m0.629 ms - -[0m
[0mGET /javascripts/app.js [36m304 [0m0.579 ms - -[0m
in get
in get again
[0mGET /sticky [32m200 [0m2.026 ms - 505[0m
[0mPUT /sticky/5a0f3c58f0da816421cfc24e/size [32m200 [0m2.280 ms - 125[0m
[0mPUT /sticky/5a0f3c58f0da816421cfc24e/size [32m200 [0m4.960 ms - 125[0m
[0mPUT /sticky/5a0f3c58f0da816421cfc24e/text [32m200 [0m3.577 ms - 138[0m
[0mGET / [36m304 [0m0.457 ms - -[0m
[0mGET /stylesheets/style.css [36m304 [0m0.802 ms - -[0m
[0mGET /javascripts/app.js [36m304 [0m0.203 ms - -[0m
in get
in get again
[0mGET /sticky [32m200 [0m1.950 ms - 518[0m
[0mGET / [32m200 [0m0.604 ms - 1064[0m
[0mGET /stylesheets/style.css [32m200 [0m0.659 ms - 1121[0m
[0mGET /javascripts/app.js [32m200 [0m0.544 ms - 4884[0m
in get
in get again
[0mGET /sticky [32m200 [0m2.130 ms - 518[0m
[0mGET /favicon.ico [33m404 [0m13.955 ms - 1690[0m
[0mPUT /sticky/5a0f3c56f0da816421cfc24d/size [32m200 [0m2.833 ms - 123[0m
[0mPUT /sticky/5a0f3c56f0da816421cfc24d/loc [32m200 [0m3.893 ms - 124[0m
[0mPUT /sticky/5a0f3c54f0da816421cfc24c/size [32m200 [0m2.207 ms - 126[0m
[0mPUT /sticky/5a0f3c54f0da816421cfc24c/loc [32m200 [0m1.825 ms - 126[0m
[0mPOST /sticky [32m200 [0m2.043 ms - 125[0m
[0mPUT /sticky/5a0f4146f0da816421cfc24f/size [32m200 [0m4.315 ms - 125[0m
[0mPUT /sticky/5a0f4146f0da816421cfc24f/loc [32m200 [0m3.767 ms - 126[0m
[0mPUT /sticky/5a0f4146f0da816421cfc24f/size [32m200 [0m2.626 ms - 124[0m
[0mPUT /sticky/5a0f4146f0da816421cfc24f/size [32m200 [0m3.965 ms - 126[0m
[0mPUT /sticky/5a0f4146f0da816421cfc24f/size [32m200 [0m2.147 ms - 126[0m
[0mPUT /sticky/5a0f4146f0da816421cfc24f/size [32m200 [0m2.704 ms - 126[0m
[0mPUT /sticky/5a0f4146f0da816421cfc24f/text [32m200 [0m3.013 ms - 125[0m
[0mGET / [36m304 [0m5.014 ms - -[0m
[0mGET /stylesheets/style.css [36m304 [0m0.854 ms - -[0m
[0mGET /javascripts/app.js [36m304 [0m0.367 ms - -[0m
in get
in get again
[0mGET /sticky [32m200 [0m2.110 ms - 645[0m
[0mPUT /sticky/5a0f3c58f0da816421cfc24e/size [32m200 [0m2.232 ms - 138[0m
[0mPUT /sticky/5a0f3c58f0da816421cfc24e/loc [32m200 [0m1.669 ms - 138[0m
[0mPUT /sticky/5a0f39e3f0da816421cfc24b/size [32m200 [0m2.817 ms - 126[0m
[0mPUT /sticky/5a0f39e3f0da816421cfc24b/loc [32m200 [0m3.169 ms - 125[0m
[0mPUT /sticky/5a0f39e3f0da816421cfc24b/size [32m200 [0m3.388 ms - 125[0m
[0mPUT /sticky/5a0f39e3f0da816421cfc24b/size [32m200 [0m2.147 ms - 125[0m
[0mPUT /sticky/5a0f39e3f0da816421cfc24b/size [32m200 [0m2.833 ms - 125[0m
[0mPUT /sticky/5a0f39e3f0da816421cfc24b/size [32m200 [0m2.099 ms - 125[0m
[0mPUT /sticky/5a0f39e3f0da816421cfc24b/size [32m200 [0m5.419 ms - 125[0m
[0mPUT /sticky/5a0f39e3f0da816421cfc24b/text [32m200 [0m2.943 ms - 118[0m
[0mPUT /sticky/5a0f39e3f0da816421cfc24b/size [32m200 [0m2.795 ms - 118[0m
[0mPUT /sticky/5a0f39e3f0da816421cfc24b/size [32m200 [0m2.111 ms - 118[0m
[0mPUT /sticky/5a0f39e3f0da816421cfc24b/size [32m200 [0m2.171 ms - 118[0m
[0mPUT /sticky/5a0f39e3f0da816421cfc24b/size [32m200 [0m2.681 ms - 118[0m
[0mPUT /sticky/5a0f39e3f0da816421cfc24b/loc [32m200 [0m3.903 ms - 118[0m
[0mPUT /sticky/5a0f3c58f0da816421cfc24e/size [32m200 [0m2.751 ms - 138[0m
[0mPUT /sticky/5a0f3c58f0da816421cfc24e/loc [32m200 [0m3.143 ms - 138[0m
[0mDELETE /sticky [32m200 [0m1.126 ms - 2[0m
[0mPOST /sticky [32m200 [0m1.906 ms - 125[0m
[0mPUT /sticky/5a0f44b4f0da816421cfc250/size [32m200 [0m2.734 ms - 125[0m
[0mPUT /sticky/5a0f44b4f0da816421cfc250/loc [32m200 [0m3.203 ms - 126[0m
[0mPOST /sticky [32m200 [0m4.227 ms - 122[0m
[0mPUT /sticky/5a0f44b6f0da816421cfc251/size [32m200 [0m4.712 ms - 122[0m
[0mPUT /sticky/5a0f44b6f0da816421cfc251/loc [32m200 [0m4.880 ms - 122[0m
[0mPUT /sticky/5a0f44b6f0da816421cfc251/size [32m200 [0m2.652 ms - 122[0m
[0mPUT /sticky/5a0f44b6f0da816421cfc251/loc [32m200 [0m3.081 ms - 122[0m
[0mPUT /sticky/5a0f44b4f0da816421cfc250/loc [32m200 [0m2.600 ms - 125[0m
[0mPUT /sticky/5a0f44b4f0da816421cfc250/size [32m200 [0m2.032 ms - 125[0m
[0mPUT /sticky/5a0f44b4f0da816421cfc250/size [32m200 [0m2.648 ms - 125[0m
[0mPUT /sticky/5a0f44b4f0da816421cfc250/size [32m200 [0m2.743 ms - 125[0m
[0mPUT /sticky/5a0f44b4f0da816421cfc250/size [32m200 [0m2.129 ms - 125[0m
[0mPUT /sticky/5a0f44b4f0da816421cfc250/size [32m200 [0m2.183 ms - 125[0m
[0mPUT /sticky/5a0f44b4f0da816421cfc250/size [32m200 [0m2.142 ms - 125[0m
[0mPUT /sticky/5a0f44b4f0da816421cfc250/size [32m200 [0m2.219 ms - 125[0m
[0mPUT /sticky/5a0f44b4f0da816421cfc250/size [32m200 [0m2.686 ms - 125[0m
[0mPUT /sticky/5a0f44b4f0da816421cfc250/text [32m200 [0m2.961 ms - 131[0m
[0mPUT /sticky/5a0f44b6f0da816421cfc251/size [32m200 [0m4.131 ms - 122[0m
[0mPUT /sticky/5a0f44b6f0da816421cfc251/loc [32m200 [0m3.001 ms - 123[0m
[0mPUT /sticky/5a0f44b6f0da816421cfc251/size [32m200 [0m8.774 ms - 123[0m
[0mPUT /sticky/5a0f44b6f0da816421cfc251/size [32m200 [0m6.648 ms - 123[0m
[0mPUT /sticky/5a0f44b6f0da816421cfc251/loc [32m200 [0m6.112 ms - 123[0m
[0mPUT /sticky/5a0f44b6f0da816421cfc251/size [32m200 [0m2.902 ms - 123[0m
[0mPUT /sticky/5a0f44b6f0da816421cfc251/loc [32m200 [0m3.987 ms - 122[0m
[0mPUT /sticky/5a0f44b6f0da816421cfc251/size [32m200 [0m7.981 ms - 122[0m
[0mPUT /sticky/5a0f44b6f0da816421cfc251/loc [32m200 [0m5.771 ms - 122[0m
[0mPUT /sticky/5a0f44b6f0da816421cfc251/size [32m200 [0m2.786 ms - 122[0m
[0mPUT /sticky/5a0f44b6f0da816421cfc251/size [32m200 [0m2.210 ms - 122[0m
[0mDELETE /sticky/5a0f44b6f0da816421cfc251 [32m200 [0m2.664 ms - 2[0m
[0mPUT /sticky/5a0f44b6f0da816421cfc251/size [32m200 [0m4.563 ms - 122[0m
[0mPUT /sticky/5a0f44b4f0da816421cfc250/size [32m200 [0m10.630 ms - 131[0m
[0mPUT /sticky/5a0f44b4f0da816421cfc250/loc [32m200 [0m3.122 ms - 132[0m
[0mPUT /sticky/5a0f44b4f0da816421cfc250/size [32m200 [0m2.723 ms - 132[0m
[0mPUT /sticky/5a0f44b4f0da816421cfc250/loc [32m200 [0m3.125 ms - 131[0m
[0mPUT /sticky/5a0f44b4f0da816421cfc250/size [32m200 [0m2.148 ms - 131[0m
[0mPUT /sticky/5a0f44b4f0da816421cfc250/size [32m200 [0m2.137 ms - 131[0m
[0mPUT /sticky/5a0f44b4f0da816421cfc250/size [32m200 [0m2.238 ms - 131[0m
[0mDELETE /sticky/5a0f44b4f0da816421cfc250 [32m200 [0m1.665 ms - 2[0m
[0mPUT /sticky/5a0f44b4f0da816421cfc250/size [32m200 [0m4.501 ms - 131[0m
[0mPOST /sticky [32m200 [0m1.917 ms - 125[0m
[0mPOST /sticky [32m200 [0m1.861 ms - 125[0m
[0mPUT /sticky/5a0f450bf0da816421cfc253/size [32m200 [0m2.758 ms - 125[0m
[0mPUT /sticky/5a0f450bf0da816421cfc253/loc [32m200 [0m3.117 ms - 126[0m
[0mPUT /sticky/5a0f450bf0da816421cfc253/size [32m200 [0m2.931 ms - 126[0m
[0mPUT /sticky/5a0f450bf0da816421cfc253/loc [32m200 [0m4.068 ms - 125[0m
[0mPOST /sticky [32m200 [0m1.897 ms - 125[0m
[0mPUT /sticky/5a0f4510f0da816421cfc254/size [32m200 [0m3.880 ms - 125[0m
[0mPUT /sticky/5a0f4510f0da816421cfc254/loc [32m200 [0m3.525 ms - 126[0m
[0mPUT /sticky/5a0f4510f0da816421cfc254/size [32m200 [0m2.752 ms - 126[0m
[0mPUT /sticky/5a0f4510f0da816421cfc254/loc [32m200 [0m3.109 ms - 127[0m
[0mPUT /sticky/5a0f4510f0da816421cfc254/loc [32m200 [0m2.544 ms - 127[0m
[0mPUT /sticky/5a0f4510f0da816421cfc254/size [32m200 [0m2.842 ms - 127[0m
[0mPUT /sticky/5a0f4510f0da816421cfc254/loc [32m200 [0m3.175 ms - 126[0m
[0mPUT /sticky/5a0f4510f0da816421cfc254/size [32m200 [0m2.731 ms - 126[0m
[0mPUT /sticky/5a0f4510f0da816421cfc254/loc [32m200 [0m3.812 ms - 126[0m
[0mPUT /sticky/5a0f4510f0da816421cfc254/size [32m200 [0m2.710 ms - 126[0m
[0mPUT /sticky/5a0f4510f0da816421cfc254/loc [32m200 [0m3.132 ms - 126[0m
[0mPUT /sticky/5a0f4510f0da816421cfc254/size [32m200 [0m3.457 ms - 126[0m
[0mPUT /sticky/5a0f4510f0da816421cfc254/loc [32m200 [0m3.076 ms - 126[0m
[0mPUT /sticky/5a0f4510f0da816421cfc254/size [32m200 [0m2.602 ms - 126[0m
[0mGET / [36m304 [0m0.605 ms - -[0m
[0mGET /stylesheets/style.css [36m304 [0m0.364 ms - -[0m
[0mGET /javascripts/app.js [36m304 [0m0.242 ms - -[0m
in get
in get again
[0mGET /sticky [32m200 [0m1.884 ms - 380[0m
[0mGET / [32m200 [0m0.600 ms - 1064[0m
[0mGET /stylesheets/style.css [32m200 [0m0.630 ms - 1121[0m
[0mGET /javascripts/app.js [32m200 [0m0.564 ms - 4884[0m
in get
in get again
[0mGET /sticky [32m200 [0m2.883 ms - 380[0m
[0mGET /favicon.ico [33m404 [0m8.932 ms - 1690[0m
[0mGET / [36m304 [0m0.383 ms - -[0m
[0mGET /stylesheets/style.css [36m304 [0m0.460 ms - -[0m
[0mGET /javascripts/app.js [36m304 [0m0.184 ms - -[0m
in get
in get again
[0mGET /sticky [32m200 [0m1.941 ms - 380[0m
[0mPUT /sticky/5a0f4510f0da816421cfc254/size [32m200 [0m2.672 ms - 126[0m
[0mPUT /sticky/5a0f4510f0da816421cfc254/size [32m200 [0m2.321 ms - 126[0m
[0mPUT /sticky/5a0f4510f0da816421cfc254/size [32m200 [0m2.089 ms - 126[0m
[0mPUT /sticky/5a0f4510f0da816421cfc254/size [32m200 [0m2.150 ms - 126[0m
[0mPUT /sticky/5a0f4510f0da816421cfc254/size [32m200 [0m3.145 ms - 126[0m
[0mPUT /sticky/5a0f4510f0da816421cfc254/text [32m200 [0m2.410 ms - 126[0m
[0mGET / [36m304 [0m0.428 ms - -[0m
[0mGET /stylesheets/style.css [36m304 [0m0.428 ms - -[0m
[0mGET /javascripts/app.js [36m304 [0m0.217 ms - -[0m
in get
in get again
[0mGET /sticky [32m200 [0m1.980 ms - 380[0m
[0mPUT /sticky/5a0f4510f0da816421cfc254/size [32m200 [0m2.999 ms - 126[0m
[0mPUT /sticky/5a0f4510f0da816421cfc254/size [32m200 [0m21.960 ms - 126[0m
[0mPUT /sticky/5a0f4510f0da816421cfc254/loc [32m200 [0m17.501 ms - 126[0m
[0mPUT /sticky/5a0f4510f0da816421cfc254/size [32m200 [0m3.259 ms - 126[0m
[0mPUT /sticky/5a0f4510f0da816421cfc254/loc [32m200 [0m2.966 ms - 126[0m
[0mPUT /sticky/5a0f4510f0da816421cfc254/size [32m200 [0m2.092 ms - 126[0m
[0mPUT /sticky/5a0f4510f0da816421cfc254/size [32m200 [0m2.165 ms - 126[0m
[0mPUT /sticky/5a0f4510f0da816421cfc254/size [32m200 [0m2.170 ms - 126[0m
[0mPUT /sticky/5a0f4510f0da816421cfc254/size [32m200 [0m3.158 ms - 126[0m
[0mPUT /sticky/5a0f4510f0da816421cfc254/size [32m200 [0m2.194 ms - 126[0m
[0mPUT /sticky/5a0f4510f0da816421cfc254/size [32m200 [0m8.498 ms - 126[0m
[0mPUT /sticky/5a0f4510f0da816421cfc254/size [32m200 [0m2.659 ms - 126[0m
[0mPUT /sticky/5a0f4510f0da816421cfc254/size [32m200 [0m2.190 ms - 126[0m
[0mGET / [36m304 [0m0.401 ms - -[0m
[0mGET /stylesheets/style.css [36m304 [0m1.136 ms - -[0m
[0mGET /javascripts/app.js [36m304 [0m1.126 ms - -[0m
in get
in get again
[0mGET /sticky [32m200 [0m1.871 ms - 380[0m
[0mPUT /sticky/5a0f4510f0da816421cfc254/size [32m200 [0m2.754 ms - 126[0m
[0mGET / [36m304 [0m0.392 ms - -[0m
[0mGET /stylesheets/style.css [36m304 [0m0.603 ms - -[0m
[0mGET /javascripts/app.js [36m304 [0m0.569 ms - -[0m
in get
in get again
[0mGET /sticky [32m200 [0m2.652 ms - 380[0m
[0mPUT /sticky/5a0f4510f0da816421cfc254/size [32m200 [0m2.608 ms - 126[0m
[0mPOST /sticky [32m200 [0m2.760 ms - 125[0m
[0mPUT /sticky/5a0f4d2ff0da816421cfc255/size [32m200 [0m7.875 ms - 125[0m
[0mPUT /sticky/5a0f4d2ff0da816421cfc255/loc [32m200 [0m7.374 ms - 126[0m
[0mPUT /sticky/5a0f4d2ff0da816421cfc255/size [32m200 [0m2.749 ms - 126[0m
[0mPUT /sticky/5a0f4d2ff0da816421cfc255/loc [32m200 [0m3.018 ms - 125[0m
[0mPUT /sticky/5a0f450bf0da816421cfc253/size [32m200 [0m2.587 ms - 125[0m
[0mPUT /sticky/5a0f450bf0da816421cfc253/size [32m200 [0m4.114 ms - 125[0m
[0mPUT /sticky/5a0f450bf0da816421cfc253/loc [32m200 [0m3.742 ms - 125[0m
[0mPUT /sticky/5a0f4d2ff0da816421cfc255/size [32m200 [0m2.154 ms - 125[0m
[0mPUT /sticky/5a0f4d2ff0da816421cfc255/loc [32m200 [0m1.651 ms - 125[0m
[0mPUT /sticky/5a0f4510f0da816421cfc254/size [32m200 [0m2.158 ms - 126[0m
[0mPUT /sticky/5a0f4510f0da816421cfc254/loc [32m200 [0m3.900 ms - 126[0m
[0mPUT /sticky/5a0f450bf0da816421cfc253/size [32m200 [0m2.832 ms - 125[0m
[0mPUT /sticky/5a0f450bf0da816421cfc253/size [32m200 [0m2.123 ms - 125[0m
[0mPUT /sticky/5a0f450bf0da816421cfc253/size [32m200 [0m2.166 ms - 125[0m
[0mPUT /sticky/5a0f450bf0da816421cfc253/size [32m200 [0m2.100 ms - 125[0m
[0mPUT /sticky/5a0f450bf0da816421cfc253/text [32m200 [0m2.090 ms - 133[0m
[0mPUT /sticky/5a0f450bf0da816421cfc253/size [32m200 [0m2.636 ms - 131[0m
[0mPUT /sticky/5a0f450bf0da816421cfc253/size [32m200 [0m2.665 ms - 133[0m
[0mGET / [32m200 [0m0.735 ms - 1081[0m
[0mGET /stylesheets/style.css [36m304 [0m0.391 ms - -[0m
[0mGET /javascripts/app.js [36m304 [0m0.177 ms - -[0m
in get
in get again
[0mGET /sticky [32m200 [0m1.920 ms - 514[0m
[0mPUT /sticky/5a0f450bf0da816421cfc253/size [32m200 [0m2.695 ms - 133[0m
[0mPUT /sticky/5a0f450bf0da816421cfc253/size [32m200 [0m3.489 ms - 133[0m
[0mGET / [32m200 [0m0.690 ms - 1079[0m
[0mGET /stylesheets/style.css [36m304 [0m0.414 ms - -[0m
[0mGET /javascripts/app.js [36m304 [0m0.191 ms - -[0m
in get
in get again
[0mGET /sticky [32m200 [0m1.946 ms - 514[0m
[0mPUT /sticky/5a0f450bf0da816421cfc253/size [32m200 [0m2.604 ms - 133[0m
